<?xml version="1.0" encoding="UTF-8"?>
<!-- Generated by org.testng.reporters.JUnitReportReporter -->
<testsuite skipped="0" hostname="basanthi-pc" name="test.Session5HwAddingNewAccount" tests="1" failures="0" timestamp="2020-02-07T22:02:02 CST" time="42.145" errors="0">
  <testcase name="addNewUserAccount" time="42.145" classname="test.Session5HwAddingNewAccount"/>
</testsuite> <!-- test.Session5HwAddingNewAccount -->
