<?xml version="1.0" encoding="UTF-8"?>
<!-- Generated by org.testng.reporters.JUnitReportReporter -->
<testsuite skipped="0" hostname="basanthi-pc" name="test.NewDepositTest" tests="1" failures="0" timestamp="2020-02-06T19:42:15 CST" time="40.757" errors="0">
  <testcase name="userShouldBeAbleToDeposite1" time="40.757" classname="test.NewDepositTest"/>
</testsuite> <!-- test.NewDepositTest -->
